<?xml version="1.0" encoding="UTF-8"?>
<testsuite xmlns:xsi="http://www.w3.org/2001/XMLSchema-instance" xsi:noNamespaceSchemaLocation="https://maven.apache.org/surefire/maven-surefire-plugin/xsd/surefire-test-report-3.0.xsd" version="3.0" name="algorithms.InsertionSortTest" time="0.032" tests="5" errors="0" skipped="0" failures="0">
  <properties>
[...]
</properties>
  <testcase name="testDuplicates" classname="algorithms.InsertionSortTest" time="0.021"/>
  <testcase name="testSingleElement" classname="algorithms.InsertionSortTest" time="0.001"/>
  <testcase name="testEmptyArray" classname="algorithms.InsertionSortTest" time="0"/>
  <testcase name="testReverseArray" classname="algorithms.InsertionSortTest" time="0"/>
  <testcase name="testSortedArray" classname="algorithms.InsertionSortTest" time="0"/>
</testsuite>